{"/Users/xiaoyuhan/Downloads/package/src/reportWebVitals.ts": {"path":"/Users/xiaoyuhan/Downloads/package/src/reportWebVitals.ts","statementMap":{"0":{"start":{"line":3,"column":24},"end":{"line":13,"column":1}},"1":{"start":{"line":4,"column":2},"end":{"line":12,"column":3}},"2":{"start":{"line":5,"column":4},"end":{"line":11,"column":7}},"3":{"start":{"line":6,"column":6},"end":{"line":6,"column":26}},"4":{"start":{"line":7,"column":6},"end":{"line":7,"column":26}},"5":{"start":{"line":8,"column":6},"end":{"line":8,"column":26}},"6":{"start":{"line":9,"column":6},"end":{"line":9,"column":26}},"7":{"start":{"line":10,"column":6},"end":{"line":10,"column":27}}},"fnMap":{"0":{"name":"(anonymous_0)","decl":{"start":{"line":3,"column":24},"end":{"line":3,"column":25}},"loc":{"start":{"line":3,"column":57},"end":{"line":13,"column":1}},"line":3},"1":{"name":"(anonymous_1)","decl":{"start":{"line":5,"column":30},"end":{"line":5,"column":31}},"loc":{"start":{"line":5,"column":79},"end":{"line":11,"column":5}},"line":5}},"branchMap":{"0":{"loc":{"start":{"line":4,"column":2},"end":{"line":12,"column":3}},"type":"if","locations":[{"start":{"line":4,"column":2},"end":{"line":12,"column":3}},{"start":{},"end":{}}],"line":4},"1":{"loc":{"start":{"line":4,"column":6},"end":{"line":4,"column":52}},"type":"binary-expr","locations":[{"start":{"line":4,"column":6},"end":{"line":4,"column":17}},{"start":{"line":4,"column":21},"end":{"line":4,"column":52}}],"line":4}},"s":{"0":0,"1":0,"2":0,"3":0,"4":0,"5":0,"6":0,"7":0},"f":{"0":0,"1":0},"b":{"0":[0,0],"1":[0,0]}}
,"/Users/xiaoyuhan/Downloads/package/src/components/card/Card.styles.tsx": {"path":"/Users/xiaoyuhan/Downloads/package/src/components/card/Card.styles.tsx","statementMap":{"0":{"start":{"line":4,"column":25},"end":{"line":14,"column":1}},"1":{"start":{"line":16,"column":34},"end":{"line":21,"column":1}},"2":{"start":{"line":16,"column":57},"end":{"line":16,"column":76}}},"fnMap":{"0":{"name":"(anonymous_0)","decl":{"start":{"line":16,"column":41},"end":{"line":16,"column":42}},"loc":{"start":{"line":16,"column":57},"end":{"line":16,"column":76}},"line":16}},"branchMap":{},"s":{"0":1,"1":1,"2":1},"f":{"0":1},"b":{},"_coverageSchema":"1a1c01bbd47fc00a2c39e90264f33305004495a9","hash":"ac83e82b1ff80f962dd554bb0a4505c9dc3d1b23"}
,"/Users/xiaoyuhan/Downloads/package/src/components/card/Card.tsx": {"path":"/Users/xiaoyuhan/Downloads/package/src/components/card/Card.tsx","statementMap":{"0":{"start":{"line":4,"column":20},"end":{"line":13,"column":1}},"1":{"start":{"line":7,"column":2},"end":{"line":12,"column":21}}},"fnMap":{"0":{"name":"(anonymous_0)","decl":{"start":{"line":4,"column":20},"end":{"line":4,"column":21}},"loc":{"start":{"line":6,"column":6},"end":{"line":13,"column":1}},"line":6}},"branchMap":{},"s":{"0":1,"1":1},"f":{"0":1},"b":{},"_coverageSchema":"1a1c01bbd47fc00a2c39e90264f33305004495a9","hash":"df4437bdba57f5c7035e153586808988349e2bf5"}
,"/Users/xiaoyuhan/Downloads/package/src/components/cardList/CardList.styles.tsx": {"path":"/Users/xiaoyuhan/Downloads/package/src/components/cardList/CardList.styles.tsx","statementMap":{"0":{"start":{"line":3,"column":25},"end":{"line":18,"column":1}}},"fnMap":{},"branchMap":{},"s":{"0":2},"f":{},"b":{},"_coverageSchema":"1a1c01bbd47fc00a2c39e90264f33305004495a9","hash":"db17d8dd5e628f77261d474fc6f9bbbf3ee2c1c3"}
,"/Users/xiaoyuhan/Downloads/package/src/components/cardList/CardList.tsx": {"path":"/Users/xiaoyuhan/Downloads/package/src/components/cardList/CardList.tsx","statementMap":{"0":{"start":{"line":3,"column":24},"end":{"line":5,"column":1}},"1":{"start":{"line":4,"column":2},"end":{"line":4,"column":56}}},"fnMap":{"0":{"name":"(anonymous_0)","decl":{"start":{"line":3,"column":24},"end":{"line":3,"column":25}},"loc":{"start":{"line":3,"column":73},"end":{"line":5,"column":1}},"line":3}},"branchMap":{},"s":{"0":2,"1":2},"f":{"0":2},"b":{},"_coverageSchema":"1a1c01bbd47fc00a2c39e90264f33305004495a9","hash":"1aa4e9fba9bcef3f97e61a8b7af4ba8ffa0189e9"}
,"/Users/xiaoyuhan/Downloads/package/src/components/cardListItem/CardListItem.style.tsx": {"path":"/Users/xiaoyuhan/Downloads/package/src/components/cardListItem/CardListItem.style.tsx","statementMap":{"0":{"start":{"line":3,"column":25},"end":{"line":5,"column":1}}},"fnMap":{},"branchMap":{},"s":{"0":3},"f":{},"b":{},"_coverageSchema":"1a1c01bbd47fc00a2c39e90264f33305004495a9","hash":"f7b8865150f5093f321994cf0d13e28c1def8236"}
,"/Users/xiaoyuhan/Downloads/package/src/components/cardListItem/CardListItem.tsx": {"path":"/Users/xiaoyuhan/Downloads/package/src/components/cardListItem/CardListItem.tsx","statementMap":{"0":{"start":{"line":3,"column":28},"end":{"line":5,"column":1}},"1":{"start":{"line":4,"column":2},"end":{"line":4,"column":56}}},"fnMap":{"0":{"name":"(anonymous_0)","decl":{"start":{"line":3,"column":28},"end":{"line":3,"column":29}},"loc":{"start":{"line":3,"column":77},"end":{"line":5,"column":1}},"line":3}},"branchMap":{},"s":{"0":3,"1":2},"f":{"0":2},"b":{},"_coverageSchema":"1a1c01bbd47fc00a2c39e90264f33305004495a9","hash":"ae40e91fd0df9d03f76c6741a795ffc10767e30a"}
,"/Users/xiaoyuhan/Downloads/package/src/components/container/Container.styles.tsx": {"path":"/Users/xiaoyuhan/Downloads/package/src/components/container/Container.styles.tsx","statementMap":{"0":{"start":{"line":3,"column":25},"end":{"line":6,"column":1}},"1":{"start":{"line":8,"column":30},"end":{"line":12,"column":1}}},"fnMap":{},"branchMap":{},"s":{"0":3,"1":3},"f":{},"b":{},"_coverageSchema":"1a1c01bbd47fc00a2c39e90264f33305004495a9","hash":"05717d78c49ebcb03cfb3785cebf0d1d878421c6"}
,"/Users/xiaoyuhan/Downloads/package/src/components/container/Container.tsx": {"path":"/Users/xiaoyuhan/Downloads/package/src/components/container/Container.tsx","statementMap":{"0":{"start":{"line":3,"column":25},"end":{"line":9,"column":1}},"1":{"start":{"line":4,"column":2},"end":{"line":8,"column":4}}},"fnMap":{"0":{"name":"(anonymous_0)","decl":{"start":{"line":3,"column":25},"end":{"line":3,"column":26}},"loc":{"start":{"line":3,"column":74},"end":{"line":9,"column":1}},"line":3}},"branchMap":{},"s":{"0":3,"1":8},"f":{"0":8},"b":{},"_coverageSchema":"1a1c01bbd47fc00a2c39e90264f33305004495a9","hash":"dbdb202bbe8e49165cb6735b3771937624269508"}
,"/Users/xiaoyuhan/Downloads/package/src/components/defaultCard/DefaultCard.styles.tsx": {"path":"/Users/xiaoyuhan/Downloads/package/src/components/defaultCard/DefaultCard.styles.tsx","statementMap":{"0":{"start":{"line":4,"column":26},"end":{"line":7,"column":1}},"1":{"start":{"line":4,"column":49},"end":{"line":4,"column":68}},"2":{"start":{"line":9,"column":34},"end":{"line":32,"column":1}},"3":{"start":{"line":9,"column":57},"end":{"line":9,"column":76}}},"fnMap":{"0":{"name":"(anonymous_0)","decl":{"start":{"line":4,"column":33},"end":{"line":4,"column":34}},"loc":{"start":{"line":4,"column":49},"end":{"line":4,"column":68}},"line":4},"1":{"name":"(anonymous_1)","decl":{"start":{"line":9,"column":41},"end":{"line":9,"column":42}},"loc":{"start":{"line":9,"column":57},"end":{"line":9,"column":76}},"line":9}},"branchMap":{},"s":{"0":2,"1":1,"2":2,"3":1},"f":{"0":1,"1":1},"b":{},"_coverageSchema":"1a1c01bbd47fc00a2c39e90264f33305004495a9","hash":"b37d5e86f7d10ea4222a77d0b8275f80e406bdcf"}
,"/Users/xiaoyuhan/Downloads/package/src/components/defaultCard/DefaultCard.tsx": {"path":"/Users/xiaoyuhan/Downloads/package/src/components/defaultCard/DefaultCard.tsx","statementMap":{"0":{"start":{"line":4,"column":27},"end":{"line":11,"column":1}},"1":{"start":{"line":5,"column":2},"end":{"line":10,"column":5}}},"fnMap":{"0":{"name":"(anonymous_0)","decl":{"start":{"line":4,"column":27},"end":{"line":4,"column":28}},"loc":{"start":{"line":4,"column":79},"end":{"line":11,"column":1}},"line":4}},"branchMap":{},"s":{"0":2,"1":1},"f":{"0":1},"b":{},"_coverageSchema":"1a1c01bbd47fc00a2c39e90264f33305004495a9","hash":"8481fdfc6c44dcdfcb021317e4063c5f3dcd11dd"}
,"/Users/xiaoyuhan/Downloads/package/src/components/footer/Footer.styles.tsx": {"path":"/Users/xiaoyuhan/Downloads/package/src/components/footer/Footer.styles.tsx","statementMap":{"0":{"start":{"line":3,"column":25},"end":{"line":6,"column":1}},"1":{"start":{"line":8,"column":30},"end":{"line":12,"column":1}},"2":{"start":{"line":14,"column":27},"end":{"line":27,"column":1}},"3":{"start":{"line":29,"column":26},"end":{"line":56,"column":1}},"4":{"start":{"line":58,"column":31},"end":{"line":69,"column":1}},"5":{"start":{"line":71,"column":34},"end":{"line":83,"column":1}},"6":{"start":{"line":85,"column":33},"end":{"line":103,"column":1}},"7":{"start":{"line":105,"column":26},"end":{"line":118,"column":1}},"8":{"start":{"line":120,"column":25},"end":{"line":150,"column":1}},"9":{"start":{"line":152,"column":28},"end":{"line":160,"column":1}}},"fnMap":{},"branchMap":{},"s":{"0":3,"1":3,"2":3,"3":3,"4":3,"5":3,"6":3,"7":3,"8":3,"9":3},"f":{},"b":{},"_coverageSchema":"1a1c01bbd47fc00a2c39e90264f33305004495a9","hash":"6b5062848fcd252e170eb1e95eacf5ec1053256d"}
,"/Users/xiaoyuhan/Downloads/package/src/components/footer/Footer.tsx": {"path":"/Users/xiaoyuhan/Downloads/package/src/components/footer/Footer.tsx","statementMap":{"0":{"start":{"line":10,"column":22},"end":{"line":51,"column":1}},"1":{"start":{"line":11,"column":2},"end":{"line":50,"column":21}}},"fnMap":{"0":{"name":"(anonymous_0)","decl":{"start":{"line":10,"column":22},"end":{"line":10,"column":23}},"loc":{"start":{"line":10,"column":28},"end":{"line":51,"column":1}},"line":10}},"branchMap":{},"s":{"0":3,"1":1},"f":{"0":1},"b":{},"_coverageSchema":"1a1c01bbd47fc00a2c39e90264f33305004495a9","hash":"95ba958566c4389505c127a4f1bafa16f80f1c7e"}
,"/Users/xiaoyuhan/Downloads/package/src/components/header/Header.styles.tsx": {"path":"/Users/xiaoyuhan/Downloads/package/src/components/header/Header.styles.tsx","statementMap":{"0":{"start":{"line":4,"column":25},"end":{"line":8,"column":1}},"1":{"start":{"line":10,"column":30},"end":{"line":25,"column":1}},"2":{"start":{"line":27,"column":20},"end":{"line":37,"column":1}},"3":{"start":{"line":39,"column":26},"end":{"line":45,"column":1}},"4":{"start":{"line":39,"column":49},"end":{"line":39,"column":68}}},"fnMap":{"0":{"name":"(anonymous_0)","decl":{"start":{"line":39,"column":33},"end":{"line":39,"column":34}},"loc":{"start":{"line":39,"column":49},"end":{"line":39,"column":68}},"line":39}},"branchMap":{},"s":{"0":3,"1":3,"2":3,"3":3,"4":1},"f":{"0":1},"b":{},"_coverageSchema":"1a1c01bbd47fc00a2c39e90264f33305004495a9","hash":"7fb7f892d8d017cfebc52548475010824e453abe"}
,"/Users/xiaoyuhan/Downloads/package/src/components/header/Header.tsx": {"path":"/Users/xiaoyuhan/Downloads/package/src/components/header/Header.tsx","statementMap":{"0":{"start":{"line":4,"column":22},"end":{"line":14,"column":1}},"1":{"start":{"line":5,"column":2},"end":{"line":13,"column":21}}},"fnMap":{"0":{"name":"(anonymous_0)","decl":{"start":{"line":4,"column":22},"end":{"line":4,"column":23}},"loc":{"start":{"line":4,"column":28},"end":{"line":14,"column":1}},"line":4}},"branchMap":{},"s":{"0":3,"1":1},"f":{"0":1},"b":{},"_coverageSchema":"1a1c01bbd47fc00a2c39e90264f33305004495a9","hash":"dd6c3f677fc495b4d17325fb7e7b5efeb1912ab6"}
,"/Users/xiaoyuhan/Downloads/package/src/components/headingSection/HeadingSection.styles.tsx": {"path":"/Users/xiaoyuhan/Downloads/package/src/components/headingSection/HeadingSection.styles.tsx","statementMap":{"0":{"start":{"line":3,"column":25},"end":{"line":8,"column":1}},"1":{"start":{"line":10,"column":30},"end":{"line":21,"column":1}}},"fnMap":{},"branchMap":{},"s":{"0":2,"1":2},"f":{},"b":{},"_coverageSchema":"1a1c01bbd47fc00a2c39e90264f33305004495a9","hash":"d60898862188cca3d4b50b8c1a0fcd40c4975eda"}
,"/Users/xiaoyuhan/Downloads/package/src/components/headingSection/HeadingSection.tsx": {"path":"/Users/xiaoyuhan/Downloads/package/src/components/headingSection/HeadingSection.tsx","statementMap":{"0":{"start":{"line":3,"column":30},"end":{"line":7,"column":1}},"1":{"start":{"line":4,"column":2},"end":{"line":6,"column":21}}},"fnMap":{"0":{"name":"(anonymous_0)","decl":{"start":{"line":3,"column":30},"end":{"line":3,"column":31}},"loc":{"start":{"line":3,"column":68},"end":{"line":7,"column":1}},"line":3}},"branchMap":{},"s":{"0":2,"1":4},"f":{"0":4},"b":{},"_coverageSchema":"1a1c01bbd47fc00a2c39e90264f33305004495a9","hash":"fafc9ac172e4f3e465096ea5ece54ec40e8cd6db"}
,"/Users/xiaoyuhan/Downloads/package/src/components/layout/Layout.tsx": {"path":"/Users/xiaoyuhan/Downloads/package/src/components/layout/Layout.tsx","statementMap":{"0":{"start":{"line":7,"column":22},"end":{"line":13,"column":1}},"1":{"start":{"line":8,"column":2},"end":{"line":12,"column":6}}},"fnMap":{"0":{"name":"(anonymous_0)","decl":{"start":{"line":7,"column":22},"end":{"line":7,"column":23}},"loc":{"start":{"line":7,"column":28},"end":{"line":13,"column":1}},"line":7}},"branchMap":{},"s":{"0":2,"1":0},"f":{"0":0},"b":{},"_coverageSchema":"1a1c01bbd47fc00a2c39e90264f33305004495a9","hash":"cdc6916949c60bd38f8f4bb2d18d8b0c2742f8bf"}
,"/Users/xiaoyuhan/Downloads/package/src/features/CategoryPage.tsx": {"path":"/Users/xiaoyuhan/Downloads/package/src/features/CategoryPage.tsx","statementMap":{"0":{"start":{"line":7,"column":51},"end":{"line":10,"column":1}},"1":{"start":{"line":12,"column":28},"end":{"line":16,"column":1}},"2":{"start":{"line":13,"column":2},"end":{"line":15,"column":65}},"3":{"start":{"line":14,"column":4},"end":{"line":14,"column":65}},"4":{"start":{"line":15,"column":33},"end":{"line":15,"column":63}},"5":{"start":{"line":18,"column":24},"end":{"line":44,"column":1}},"6":{"start":{"line":19,"column":38},"end":{"line":19,"column":51}},"7":{"start":{"line":20,"column":18},"end":{"line":20,"column":29}},"8":{"start":{"line":21,"column":18},"end":{"line":21,"column":44}},"9":{"start":{"line":22,"column":22},"end":{"line":22,"column":45}},"10":{"start":{"line":24,"column":25},"end":{"line":36,"column":3}},"11":{"start":{"line":25,"column":4},"end":{"line":25,"column":45}},"12":{"start":{"line":25,"column":20},"end":{"line":25,"column":45}},"13":{"start":{"line":26,"column":4},"end":{"line":26,"column":58}},"14":{"start":{"line":26,"column":15},"end":{"line":26,"column":58}},"15":{"start":{"line":27,"column":4},"end":{"line":27,"column":44}},"16":{"start":{"line":27,"column":18},"end":{"line":27,"column":44}},"17":{"start":{"line":29,"column":4},"end":{"line":35,"column":15}},"18":{"start":{"line":31,"column":8},"end":{"line":33,"column":23}},"19":{"start":{"line":38,"column":2},"end":{"line":43,"column":5}}},"fnMap":{"0":{"name":"(anonymous_0)","decl":{"start":{"line":12,"column":28},"end":{"line":12,"column":29}},"loc":{"start":{"line":12,"column":84},"end":{"line":16,"column":1}},"line":12},"1":{"name":"(anonymous_1)","decl":{"start":{"line":13,"column":32},"end":{"line":13,"column":33}},"loc":{"start":{"line":13,"column":42},"end":{"line":15,"column":3}},"line":13},"2":{"name":"(anonymous_2)","decl":{"start":{"line":15,"column":23},"end":{"line":15,"column":24}},"loc":{"start":{"line":15,"column":33},"end":{"line":15,"column":63}},"line":15},"3":{"name":"(anonymous_3)","decl":{"start":{"line":18,"column":24},"end":{"line":18,"column":25}},"loc":{"start":{"line":18,"column":30},"end":{"line":44,"column":1}},"line":18},"4":{"name":"(anonymous_4)","decl":{"start":{"line":24,"column":25},"end":{"line":24,"column":26}},"loc":{"start":{"line":24,"column":31},"end":{"line":36,"column":3}},"line":24},"5":{"name":"(anonymous_5)","decl":{"start":{"line":30,"column":24},"end":{"line":30,"column":25}},"loc":{"start":{"line":30,"column":48},"end":{"line":34,"column":7}},"line":30}},"branchMap":{"0":{"loc":{"start":{"line":14,"column":11},"end":{"line":14,"column":65}},"type":"binary-expr","locations":[{"start":{"line":14,"column":11},"end":{"line":14,"column":37}},{"start":{"line":14,"column":41},"end":{"line":14,"column":65}}],"line":14},"1":{"loc":{"start":{"line":21,"column":18},"end":{"line":21,"column":44}},"type":"binary-expr","locations":[{"start":{"line":21,"column":18},"end":{"line":21,"column":21}},{"start":{"line":21,"column":25},"end":{"line":21,"column":44}}],"line":21},"2":{"loc":{"start":{"line":25,"column":4},"end":{"line":25,"column":45}},"type":"if","locations":[{"start":{"line":25,"column":4},"end":{"line":25,"column":45}},{"start":{},"end":{}}],"line":25},"3":{"loc":{"start":{"line":26,"column":4},"end":{"line":26,"column":58}},"type":"if","locations":[{"start":{"line":26,"column":4},"end":{"line":26,"column":58}},{"start":{},"end":{}}],"line":26},"4":{"loc":{"start":{"line":27,"column":4},"end":{"line":27,"column":44}},"type":"if","locations":[{"start":{"line":27,"column":4},"end":{"line":27,"column":44}},{"start":{},"end":{}}],"line":27},"5":{"loc":{"start":{"line":39,"column":5},"end":{"line":39,"column":65}},"type":"binary-expr","locations":[{"start":{"line":39,"column":5},"end":{"line":39,"column":12}},{"start":{"line":39,"column":16},"end":{"line":39,"column":65}}],"line":39}},"s":{"0":1,"1":1,"2":10,"3":13,"4":1,"5":1,"6":4,"7":4,"8":4,"9":4,"10":4,"11":4,"12":1,"13":3,"14":1,"15":2,"16":1,"17":1,"18":1,"19":4},"f":{"0":10,"1":13,"2":1,"3":4,"4":4,"5":1},"b":{"0":[13,5],"1":[4,3],"2":[1,3],"3":[1,2],"4":[1,1],"5":[4,3]},"_coverageSchema":"1a1c01bbd47fc00a2c39e90264f33305004495a9","hash":"e426d8ab3c1df9b37bad3ca4e940dbc3230962d0"}
,"/Users/xiaoyuhan/Downloads/package/src/features/Home.tsx": {"path":"/Users/xiaoyuhan/Downloads/package/src/features/Home.tsx","statementMap":{"0":{"start":{"line":5,"column":20},"end":{"line":28,"column":1}},"1":{"start":{"line":6,"column":32},"end":{"line":6,"column":45}},"2":{"start":{"line":8,"column":25},"end":{"line":20,"column":3}},"3":{"start":{"line":9,"column":4},"end":{"line":9,"column":45}},"4":{"start":{"line":9,"column":20},"end":{"line":9,"column":45}},"5":{"start":{"line":10,"column":4},"end":{"line":10,"column":58}},"6":{"start":{"line":10,"column":15},"end":{"line":10,"column":58}},"7":{"start":{"line":12,"column":4},"end":{"line":19,"column":15}},"8":{"start":{"line":22,"column":2},"end":{"line":27,"column":5}}},"fnMap":{"0":{"name":"(anonymous_0)","decl":{"start":{"line":5,"column":20},"end":{"line":5,"column":21}},"loc":{"start":{"line":5,"column":26},"end":{"line":28,"column":1}},"line":5},"1":{"name":"(anonymous_1)","decl":{"start":{"line":8,"column":25},"end":{"line":8,"column":26}},"loc":{"start":{"line":8,"column":31},"end":{"line":20,"column":3}},"line":8}},"branchMap":{"0":{"loc":{"start":{"line":9,"column":4},"end":{"line":9,"column":45}},"type":"if","locations":[{"start":{"line":9,"column":4},"end":{"line":9,"column":45}},{"start":{},"end":{}}],"line":9},"1":{"loc":{"start":{"line":10,"column":4},"end":{"line":10,"column":58}},"type":"if","locations":[{"start":{"line":10,"column":4},"end":{"line":10,"column":58}},{"start":{},"end":{}}],"line":10}},"s":{"0":1,"1":3,"2":3,"3":3,"4":1,"5":2,"6":1,"7":1,"8":3},"f":{"0":3,"1":3},"b":{"0":[1,2],"1":[1,1]},"_coverageSchema":"1a1c01bbd47fc00a2c39e90264f33305004495a9","hash":"aa2e7129a09d1f4ae12f70033e7abcdba2a40fc0"}
,"/Users/xiaoyuhan/Downloads/package/src/hooks/useCategory.tsx": {"path":"/Users/xiaoyuhan/Downloads/package/src/hooks/useCategory.tsx","statementMap":{"0":{"start":{"line":28,"column":27},"end":{"line":66,"column":1}},"1":{"start":{"line":29,"column":34},"end":{"line":33,"column":4}},"2":{"start":{"line":35,"column":26},"end":{"line":54,"column":3}},"3":{"start":{"line":36,"column":4},"end":{"line":53,"column":5}},"4":{"start":{"line":37,"column":23},"end":{"line":37,"column":71}},"5":{"start":{"line":38,"column":6},"end":{"line":40,"column":7}},"6":{"start":{"line":39,"column":8},"end":{"line":39,"column":55}},"7":{"start":{"line":41,"column":19},"end":{"line":41,"column":40}},"8":{"start":{"line":42,"column":6},"end":{"line":46,"column":9}},"9":{"start":{"line":48,"column":6},"end":{"line":52,"column":9}},"10":{"start":{"line":56,"column":2},"end":{"line":59,"column":9}},"11":{"start":{"line":57,"column":4},"end":{"line":57,"column":22}},"12":{"start":{"line":61,"column":2},"end":{"line":65,"column":4}}},"fnMap":{"0":{"name":"(anonymous_0)","decl":{"start":{"line":28,"column":27},"end":{"line":28,"column":28}},"loc":{"start":{"line":28,"column":33},"end":{"line":66,"column":1}},"line":28},"1":{"name":"(anonymous_1)","decl":{"start":{"line":35,"column":26},"end":{"line":35,"column":27}},"loc":{"start":{"line":35,"column":38},"end":{"line":54,"column":3}},"line":35},"2":{"name":"(anonymous_2)","decl":{"start":{"line":56,"column":12},"end":{"line":56,"column":13}},"loc":{"start":{"line":56,"column":18},"end":{"line":59,"column":3}},"line":56}},"branchMap":{"0":{"loc":{"start":{"line":38,"column":6},"end":{"line":40,"column":7}},"type":"if","locations":[{"start":{"line":38,"column":6},"end":{"line":40,"column":7}},{"start":{},"end":{}}],"line":38}},"s":{"0":3,"1":8,"2":8,"3":4,"4":4,"5":3,"6":1,"7":2,"8":1,"9":3,"10":8,"11":4,"12":8},"f":{"0":8,"1":4,"2":4},"b":{"0":[1,2]},"_coverageSchema":"1a1c01bbd47fc00a2c39e90264f33305004495a9","hash":"a319008550639e9651a879f2c7e645c12ada7b8f"}
}
